Arguments: 
  C:\Program Files\nodejs\node.exe C:\Users\Administrator\AppData\Roaming\npm-cache\_npx\18360\node_modules\yarn\bin\yarn.js add borsh-js

PATH: 
  C:\Users\Administrator\AppData\Roaming\npm-cache\_npx\18360;E:\projects\stafi\stafi-rtoken\node_modules\.bin;C:\Users\Administrator\bin;C:\Program Files\Git\mingw64\bin;C:\Program Files\Git\usr\local\bin;C:\Program Files\Git\usr\bin;C:\Program Files\Git\usr\bin;C:\Program Files\Git\mingw64\bin;C:\Program Files\Git\usr\bin;C:\Users\Administrator\bin;C:\Program Files (x86)\Common Files\Oracle\Java\javapath;C:\Windows\system32;C:\Windows;C:\Windows\System32\Wbem;C:\Windows\System32\WindowsPowerShell\v1.0;C:\Windows\System32\OpenSSH;C:\Program Files\Git\cmd;C:\Program Files\Java\jdk1.8.0_291\bin;C:\Users\Administrator\AppData\Roaming\nvm;C:\Program Files\nodejs;C:\Users\Administrator\AppData\Local\Android\Sdk\platform-tools;C:\Users\Administrator\AppData\Local\Android\Sdk\tools;E:\gradle\gradle-6.1.1-all\gradle-6.1.1\bin;C:\Users\Administrator\.windows-build-tools\python27;C:\Users\Administrator\AppData\Roaming\nvm\v14.17.0\node_modules\npm\node_modules\npm-lifecycle\node-gyp-bin;C:\Program Files\nodejs\node_modules\windows-build-tools\node_modules\.bin;C:\Program Files\nodejs\node_modules\.bin;C:\Users\Administrator\bin;C:\Program Files\Git\mingw64\bin;C:\Program Files\Git\usr\local\bin;C:\Program Files\Git\usr\bin;C:\Program Files\Git\usr\bin;C:\Program Files\Git\mingw64\bin;C:\Program Files\Git\usr\bin;C:\Users\Administrator\bin;C:\Program Files (x86)\Common Files\Oracle\Java\javapath;C:\Windows\system32;C:\Windows;C:\Windows\System32\Wbem;C:\Windows\System32\WindowsPowerShell\v1.0;C:\Windows\System32\OpenSSH;C:\Program Files\Git\cmd;C:\Program Files\Java\jdk1.8.0_291\bin;C:\Users\Administrator\AppData\Roaming\nvm;C:\Program Files\nodejs;C:\Users\Administrator\AppData\Local\Android\Sdk\platform-tools;C:\Users\Administrator\AppData\Local\Android\Sdk\tools;E:\gradle\gradle-6.1.1-all\gradle-6.1.1\bin;C:\Users\Administrator\.local\share\solana\install\active_release\bin;C:\Users\Administrator\AppData\Local\Microsoft\WindowsApps;C:\Users\Administrator\AppData\Local\GitHubDesktop\bin;D:\Microsoft VS Code\bin;C:\Users\Administrator\AppData\Roaming\nvm;C:\Program Files\nodejs;C:\Program Files\Git\usr\bin\vendor_perl;C:\Program Files\Git\usr\bin\core_perl;C:\Program Files\Git\usr\bin\vendor_perl;C:\Program Files\Git\usr\bin\core_perl

Yarn version: 
  1.22.11

Node version: 
  14.17.0

Platform: 
  win32 x64

Trace: 
  Error: https://registry.yarnpkg.com/borsh-js: Not found
      at Request.params.callback [as _callback] (C:\Users\Administrator\AppData\Roaming\npm-cache\_npx\18360\node_modules\yarn\lib\cli.js:66992:18)
      at Request.self.callback (C:\Users\Administrator\AppData\Roaming\npm-cache\_npx\18360\node_modules\yarn\lib\cli.js:140763:22)
      at Request.emit (events.js:376:20)
      at Request.<anonymous> (C:\Users\Administrator\AppData\Roaming\npm-cache\_npx\18360\node_modules\yarn\lib\cli.js:141735:10)
      at Request.emit (events.js:376:20)
      at IncomingMessage.<anonymous> (C:\Users\Administrator\AppData\Roaming\npm-cache\_npx\18360\node_modules\yarn\lib\cli.js:141657:12)
      at Object.onceWrapper (events.js:482:28)
      at IncomingMessage.emit (events.js:388:22)
      at endReadableNT (internal/streams/readable.js:1336:12)
      at processTicksAndRejections (internal/process/task_queues.js:82:21)

npm manifest: 
  {
    "name": "stafi-rtoken",
    "version": "1.0.1",
    "description": "",
    "main": "app/components/index.tsx",
    "scripts": {
      "dll": "webpack --config config/webpack.dll.js -p",
      "build": "rimraf build && webpack --config config/webpack.prod.js ",
      "start": "webpack serve --inline --hot --config config/webpack.dev.js ",
      "test": "echo \"Error: no test specified\" && exit 1"
    },
    "keywords": [],
    "author": "shanzhiping",
    "registory": "https://github.com/stafiprotocol/stafi-rtoken",
    "dependencies": {
      "@ant-design/icons": "^4.6.2",
      "@cosmjs/stargate": "^0.25.0",
      "@polkadot/api": "4.14.1",
      "@polkadot/extension-dapp": "^0.36.1",
      "@polkadot/keyring": "^5.4.4",
      "@project-serum/sol-wallet-adapter": "^0.2.4",
      "@reduxjs/toolkit": "^1.5.0",
      "@solana/spl-token": "^0.1.8",
      "@solana/spl-token-registry": "^0.2.136",
      "@solana/web3.js": "^1.18.0",
      "@types/classnames": "^2.3.1",
      "antd": "^4.11.2",
      "assert": "^2.0.0",
      "axios": "^0.21.1",
      "bech32": "^1.1.4",
      "bip32": "^2.0.6",
      "bip39": "^3.0.3",
      "bs58": "^4.0.1",
      "buffer": "6.0.1",
      "classnames": "^2.3.1",
      "connected-react-router": "^6.9.1",
      "crypto-browserify": "^3.12.0",
      "crypto-js": "^4.0.0",
      "ethereum-input-data-decoder": "^0.3.2",
      "ethereumjs-util": "^7.0.10",
      "fs": "0.0.1-security",
      "history": "^5.0.0",
      "lodash": "^4.17.20",
      "mathjs": "9.4.3",
      "moment": "^2.29.1",
      "os": "^0.1.1",
      "process": "^0.11.10",
      "react": "^17.0.1",
      "react-custom-scrollbars": "^4.2.1",
      "react-dev-utils": "^11.0.4",
      "react-dom": "^17.0.1",
      "react-infinite-scroller": "^1.2.4",
      "react-loadable": "^5.5.0",
      "react-redux": "^7.2.2",
      "react-router-config": "^5.1.1",
      "react-router-dom": "^5.2.0",
      "react-vis": "^1.11.7",
      "redux-logger": "^3.0.6",
      "redux-thunk": "^2.3.0",
      "stream-browserify": "^3.0.0",
      "styled-components": "^5.3.0",
      "web3": "1.5.2",
      "web3-utils": "1.5.2"
    },
    "devDependencies": {
      "@babel/core": "^7.12.10",
      "@babel/preset-env": "^7.12.11",
      "@babel/preset-react": "^7.12.10",
      "@types/bs58": "^4.0.1",
      "@types/crypto-js": "^4.0.1",
      "@types/lodash": "^4.14.168",
      "@types/node": "^15.0.0",
      "@types/react": "^17.0.21",
      "@types/react-custom-scrollbars": "^4.0.7",
      "@types/react-dom": "^17.0.9",
      "@types/react-infinite-scroller": "^1.2.2",
      "@types/react-loadable": "^5.5.5",
      "@types/react-redux": "^7.1.16",
      "@types/react-router-config": "^5.0.2",
      "@types/react-router-dom": "^5.1.7",
      "@types/redux-logger": "^3.0.8",
      "@types/styled-components": "^5.1.12",
      "autoprefixer": "9.0.0",
      "babel-loader": "^8.2.2",
      "babel-plugin-import": "^1.13.3",
      "babel-plugin-import-globals": "^2.0.0",
      "clean-webpack-plugin": "^3.0.0",
      "compression-webpack-plugin": "^9.0.0",
      "copy-webpack-plugin": "^7.0.0",
      "cross-env": "^7.0.3",
      "css-loader": "^5.0.1",
      "css-minimizer-webpack-plugin": "^1.3.0",
      "extract-text-webpack-plugin": "^3.0.2",
      "file-loader": "^6.2.0",
      "html-webpack-plugin": "^5.3.1",
      "less": "^4.0.0",
      "less-loader": "^7.1.0",
      "mini-css-extract-plugin": "^1.3.3",
      "optimize-css-assets-webpack-plugin": "^5.0.4",
      "postcss-loader": "^4.1.0",
      "sass": "^1.30.0",
      "sass-loader": "^10.1.0",
      "style-loader": "^2.0.0",
      "terser-webpack-plugin": "^5.1.1",
      "ts-loader": "^8.0.12",
      "tsconfig-paths-webpack-plugin": "^3.3.0",
      "typescript": "^4.1.3",
      "uglifyjs-webpack-plugin": "^2.2.0",
      "url-loader": "^4.1.1",
      "webpack": "^5.46.0",
      "webpack-bundle-analyzer": "^4.4.2",
      "webpack-cli": "4.7.2",
      "webpack-dev-server": "^3.11.2",
      "webpack-merge": "^5.7.2",
      "webpack-visualizer-plugin": "^0.1.11",
      "webpackbar": "^5.0.0-3"
    },
    "resolutions": {
      "elliptic": "file:./libs/elliptic",
      "decimal.js": "10.3.0"
    },
    "sideEffects": [
      "*.css"
    ]
  }

yarn manifest: 
  No manifest

Lockfile: 
  No lockfile
